[2024-09-17 00:18:29,847] [INFO] Start counting user activity info..
[2024-09-17 00:18:29,848] [INFO] [UserActivityCounter] update 0 items.
[2024-09-17 00:18:29,900] [INFO] starts to send email
[2024-09-17 00:18:30,023] [INFO] Start counting traffic info..
[2024-09-17 00:18:30,024] [INFO] Traffic counter finished, total time: 0.0005309581756591797 seconds.
[2024-09-17 00:18:33,969] [INFO] Start counting file operations..
[2024-09-17 00:18:33,982] [INFO] [FileOpsCounter] Finish counting file operations in 0.012434959411621094 seconds, 0 added, 0 deleted, 0 visited, 0 modified
[2024-09-17 00:18:36,620] [INFO] Start counting total storage..
[2024-09-17 00:18:36,623] [INFO] Start counting monthly traffic info..
[2024-09-17 00:18:36,653] [INFO] [TotalStorageCounter] Finish counting total storage in 0.03253507614135742 seconds.
[2024-09-17 00:18:36,654] [INFO] Monthly traffic counter finished, update 1 user items, 1 org items, total time: 0.03085017204284668 seconds.
[2024-09-17 00:48:29,901] [INFO] starts to send email
[2024-09-17 01:18:29,849] [INFO] Start counting user activity info..
[2024-09-17 01:18:29,850] [INFO] [UserActivityCounter] update 0 items.
[2024-09-17 01:18:29,903] [INFO] starts to send email
[2024-09-17 01:18:30,025] [INFO] Start counting traffic info..
[2024-09-17 01:18:30,025] [INFO] Traffic counter finished, total time: 0.000530242919921875 seconds.
[2024-09-17 01:18:33,983] [INFO] Start counting file operations..
[2024-09-17 01:18:33,994] [INFO] [FileOpsCounter] Finish counting file operations in 0.010823488235473633 seconds, 0 added, 0 deleted, 0 visited, 0 modified
[2024-09-17 01:18:36,655] [INFO] Start counting total storage..
[2024-09-17 01:18:36,656] [INFO] Start counting monthly traffic info..
[2024-09-17 01:18:36,686] [INFO] [TotalStorageCounter] Finish counting total storage in 0.030034303665161133 seconds.
[2024-09-17 01:18:36,688] [INFO] Monthly traffic counter finished, update 1 user items, 1 org items, total time: 0.0316469669342041 seconds.
[2024-09-17 01:48:29,904] [INFO] starts to send email
[2024-09-17 02:18:29,851] [INFO] Start counting user activity info..
[2024-09-17 02:18:29,851] [INFO] [UserActivityCounter] update 0 items.
[2024-09-17 02:18:29,906] [INFO] starts to send email
[2024-09-17 02:18:30,027] [INFO] Start counting traffic info..
[2024-09-17 02:18:30,027] [INFO] Traffic counter finished, total time: 0.00046563148498535156 seconds.
[2024-09-17 02:18:33,996] [INFO] Start counting file operations..
[2024-09-17 02:18:34,007] [INFO] [FileOpsCounter] Finish counting file operations in 0.011154651641845703 seconds, 0 added, 0 deleted, 0 visited, 0 modified
[2024-09-17 02:18:36,689] [INFO] Start counting total storage..
[2024-09-17 02:18:36,690] [INFO] Start counting monthly traffic info..
[2024-09-17 02:18:36,727] [INFO] [TotalStorageCounter] Finish counting total storage in 0.036557912826538086 seconds.
[2024-09-17 02:18:36,731] [INFO] Monthly traffic counter finished, update 1 user items, 1 org items, total time: 0.04062032699584961 seconds.
[2024-09-17 02:48:29,907] [INFO] starts to send email
[2024-09-17 03:18:29,854] [INFO] Start counting user activity info..
[2024-09-17 03:18:29,854] [INFO] [UserActivityCounter] update 0 items.
[2024-09-17 03:18:29,908] [INFO] starts to send email
[2024-09-17 03:18:30,028] [INFO] Start counting traffic info..
[2024-09-17 03:18:30,029] [INFO] Traffic counter finished, total time: 0.0004832744598388672 seconds.
[2024-09-17 03:18:34,009] [INFO] Start counting file operations..
[2024-09-17 03:18:34,021] [INFO] [FileOpsCounter] Finish counting file operations in 0.011866331100463867 seconds, 0 added, 0 deleted, 0 visited, 0 modified
[2024-09-17 03:18:36,729] [INFO] Start counting total storage..
[2024-09-17 03:18:36,731] [INFO] Start counting monthly traffic info..
[2024-09-17 03:18:36,760] [INFO] Monthly traffic counter finished, update 1 user items, 1 org items, total time: 0.02863788604736328 seconds.
[2024-09-17 03:18:36,760] [INFO] [TotalStorageCounter] Finish counting total storage in 0.03145885467529297 seconds.
[2024-09-17 03:48:29,909] [INFO] starts to send email
[2024-09-17 04:18:29,855] [INFO] Start counting user activity info..
[2024-09-17 04:18:29,856] [INFO] [UserActivityCounter] update 0 items.
[2024-09-17 04:18:29,911] [INFO] starts to send email
[2024-09-17 04:18:30,030] [INFO] Start counting traffic info..
[2024-09-17 04:18:30,030] [INFO] Traffic counter finished, total time: 0.0005283355712890625 seconds.
[2024-09-17 04:18:34,023] [INFO] Start counting file operations..
[2024-09-17 04:18:34,035] [INFO] [FileOpsCounter] Finish counting file operations in 0.011634349822998047 seconds, 0 added, 0 deleted, 0 visited, 0 modified
[2024-09-17 04:18:36,763] [INFO] Start counting total storage..
[2024-09-17 04:18:36,765] [INFO] Start counting monthly traffic info..
[2024-09-17 04:18:36,794] [INFO] [TotalStorageCounter] Finish counting total storage in 0.03137397766113281 seconds.
[2024-09-17 04:18:36,796] [INFO] Monthly traffic counter finished, update 1 user items, 1 org items, total time: 0.03090953826904297 seconds.
[2024-09-17 04:48:29,912] [INFO] starts to send email
[2024-09-17 05:18:29,857] [INFO] Start counting user activity info..
[2024-09-17 05:18:29,857] [INFO] [UserActivityCounter] update 0 items.
[2024-09-17 05:18:29,913] [INFO] starts to send email
[2024-09-17 05:18:30,031] [INFO] Start counting traffic info..
[2024-09-17 05:18:30,032] [INFO] Traffic counter finished, total time: 0.00055694580078125 seconds.
[2024-09-17 05:18:34,036] [INFO] Start counting file operations..
[2024-09-17 05:18:34,048] [INFO] [FileOpsCounter] Finish counting file operations in 0.011111974716186523 seconds, 0 added, 0 deleted, 0 visited, 0 modified
[2024-09-17 05:18:36,796] [INFO] Start counting total storage..
[2024-09-17 05:18:36,797] [INFO] Start counting monthly traffic info..
[2024-09-17 05:18:36,827] [INFO] [TotalStorageCounter] Finish counting total storage in 0.03061699867248535 seconds.
[2024-09-17 05:18:36,835] [INFO] Monthly traffic counter finished, update 1 user items, 1 org items, total time: 0.038353681564331055 seconds.
[2024-09-17 05:48:29,914] [INFO] starts to send email
[2024-09-17 06:18:29,861] [INFO] Start counting user activity info..
[2024-09-17 06:18:29,862] [INFO] [UserActivityCounter] update 0 items.
[2024-09-17 06:18:29,916] [INFO] starts to send email
[2024-09-17 06:18:30,033] [INFO] Start counting traffic info..
[2024-09-17 06:18:30,033] [INFO] Traffic counter finished, total time: 0.0005426406860351562 seconds.
[2024-09-17 06:18:34,049] [INFO] Start counting file operations..
[2024-09-17 06:18:34,109] [INFO] [FileOpsCounter] Finish counting file operations in 0.059784889221191406 seconds, 0 added, 0 deleted, 0 visited, 0 modified
[2024-09-17 06:18:36,829] [INFO] Start counting total storage..
[2024-09-17 06:18:36,836] [INFO] Start counting monthly traffic info..
[2024-09-17 06:18:36,862] [INFO] [TotalStorageCounter] Finish counting total storage in 0.032768964767456055 seconds.
[2024-09-17 06:18:36,866] [INFO] Monthly traffic counter finished, update 1 user items, 1 org items, total time: 0.030200719833374023 seconds.
[2024-09-17 06:48:29,917] [INFO] starts to send email
[2024-09-17 07:18:29,864] [INFO] Start counting user activity info..
[2024-09-17 07:18:29,865] [INFO] [UserActivityCounter] update 0 items.
[2024-09-17 07:18:29,918] [INFO] starts to send email
[2024-09-17 07:18:30,034] [INFO] Start counting traffic info..
[2024-09-17 07:18:30,035] [INFO] Traffic counter finished, total time: 0.0005102157592773438 seconds.
[2024-09-17 07:18:34,112] [INFO] Start counting file operations..
[2024-09-17 07:18:34,124] [INFO] [FileOpsCounter] Finish counting file operations in 0.011461019515991211 seconds, 0 added, 0 deleted, 0 visited, 0 modified
[2024-09-17 07:18:36,865] [INFO] Start counting total storage..
[2024-09-17 07:18:36,867] [INFO] Start counting monthly traffic info..
[2024-09-17 07:18:36,899] [INFO] [TotalStorageCounter] Finish counting total storage in 0.034383296966552734 seconds.
[2024-09-17 07:18:36,901] [INFO] Monthly traffic counter finished, update 1 user items, 1 org items, total time: 0.03405904769897461 seconds.
[2024-09-17 07:48:29,919] [INFO] starts to send email
[2024-09-17 08:18:29,867] [INFO] Start counting user activity info..
[2024-09-17 08:18:29,867] [INFO] [UserActivityCounter] update 0 items.
[2024-09-17 08:18:29,920] [INFO] starts to send email
[2024-09-17 08:18:30,036] [INFO] Start counting traffic info..
[2024-09-17 08:18:30,036] [INFO] Traffic counter finished, total time: 0.0004944801330566406 seconds.
[2024-09-17 08:18:34,126] [INFO] Start counting file operations..
[2024-09-17 08:18:34,150] [INFO] [FileOpsCounter] Finish counting file operations in 0.02389073371887207 seconds, 0 added, 0 deleted, 0 visited, 0 modified
[2024-09-17 08:18:36,902] [INFO] Start counting total storage..
[2024-09-17 08:18:36,902] [INFO] Start counting monthly traffic info..
[2024-09-17 08:18:36,936] [INFO] [TotalStorageCounter] Finish counting total storage in 0.03315567970275879 seconds.
[2024-09-17 08:18:36,944] [INFO] Monthly traffic counter finished, update 1 user items, 1 org items, total time: 0.041791439056396484 seconds.
[2024-09-17 08:48:29,922] [INFO] starts to send email
[2024-09-17 09:18:29,868] [INFO] Start counting user activity info..
[2024-09-17 09:18:29,869] [INFO] [UserActivityCounter] update 0 items.
[2024-09-17 09:18:29,923] [INFO] starts to send email
[2024-09-17 09:18:30,037] [INFO] Start counting traffic info..
[2024-09-17 09:18:30,038] [INFO] Traffic counter finished, total time: 0.0005154609680175781 seconds.
[2024-09-17 09:18:34,152] [INFO] Start counting file operations..
[2024-09-17 09:18:34,165] [INFO] [FileOpsCounter] Finish counting file operations in 0.012779951095581055 seconds, 0 added, 0 deleted, 0 visited, 0 modified
[2024-09-17 09:18:36,938] [INFO] Start counting total storage..
[2024-09-17 09:18:36,946] [INFO] Start counting monthly traffic info..
[2024-09-17 09:18:36,968] [INFO] [TotalStorageCounter] Finish counting total storage in 0.029428958892822266 seconds.
[2024-09-17 09:18:36,972] [INFO] Monthly traffic counter finished, update 1 user items, 1 org items, total time: 0.026226043701171875 seconds.
[2024-09-17 09:48:29,924] [INFO] starts to send email
[2024-09-17 10:18:29,870] [INFO] Start counting user activity info..
[2024-09-17 10:18:29,871] [INFO] [UserActivityCounter] update 0 items.
[2024-09-17 10:18:29,925] [INFO] starts to send email
[2024-09-17 10:18:30,039] [INFO] Start counting traffic info..
[2024-09-17 10:18:30,040] [INFO] Traffic counter finished, total time: 0.0010614395141601562 seconds.
[2024-09-17 10:18:34,167] [INFO] Start counting file operations..
[2024-09-17 10:18:34,179] [INFO] [FileOpsCounter] Finish counting file operations in 0.012207508087158203 seconds, 0 added, 0 deleted, 0 visited, 0 modified
[2024-09-17 10:18:36,971] [INFO] Start counting total storage..
[2024-09-17 10:18:36,973] [INFO] Start counting monthly traffic info..
[2024-09-17 10:18:37,008] [INFO] [TotalStorageCounter] Finish counting total storage in 0.0368344783782959 seconds.
[2024-09-17 10:18:37,008] [INFO] Monthly traffic counter finished, update 1 user items, 1 org items, total time: 0.03578591346740723 seconds.
[2024-09-17 10:48:29,927] [INFO] starts to send email
[2024-09-17 11:18:29,872] [INFO] Start counting user activity info..
[2024-09-17 11:18:29,873] [INFO] [UserActivityCounter] update 0 items.
[2024-09-17 11:18:29,928] [INFO] starts to send email
[2024-09-17 11:18:30,041] [INFO] Start counting traffic info..
[2024-09-17 11:18:30,041] [INFO] Traffic counter finished, total time: 0.0005769729614257812 seconds.
[2024-09-17 11:18:34,181] [INFO] Start counting file operations..
[2024-09-17 11:18:34,192] [INFO] [FileOpsCounter] Finish counting file operations in 0.011083126068115234 seconds, 0 added, 0 deleted, 0 visited, 0 modified
[2024-09-17 11:18:37,010] [INFO] Start counting total storage..
[2024-09-17 11:18:37,011] [INFO] Start counting monthly traffic info..
[2024-09-17 11:18:37,043] [INFO] [TotalStorageCounter] Finish counting total storage in 0.03252053260803223 seconds.
[2024-09-17 11:18:37,045] [INFO] Monthly traffic counter finished, update 1 user items, 1 org items, total time: 0.03442192077636719 seconds.
[2024-09-17 11:48:29,929] [INFO] starts to send email
[2024-09-17 12:18:29,874] [INFO] Start counting user activity info..
[2024-09-17 12:18:29,874] [INFO] [UserActivityCounter] update 0 items.
[2024-09-17 12:18:29,930] [INFO] starts to send email
[2024-09-17 12:18:30,042] [INFO] Start counting traffic info..
[2024-09-17 12:18:30,043] [INFO] Traffic counter finished, total time: 0.00048732757568359375 seconds.
[2024-09-17 12:18:34,195] [INFO] Start counting file operations..
[2024-09-17 12:18:34,213] [INFO] [FileOpsCounter] Finish counting file operations in 0.01854252815246582 seconds, 0 added, 0 deleted, 0 visited, 0 modified
[2024-09-17 12:18:37,046] [INFO] Start counting total storage..
[2024-09-17 12:18:37,047] [INFO] Start counting monthly traffic info..
[2024-09-17 12:18:37,083] [INFO] [TotalStorageCounter] Finish counting total storage in 0.035968780517578125 seconds.
[2024-09-17 12:18:37,084] [INFO] Monthly traffic counter finished, update 1 user items, 1 org items, total time: 0.03763008117675781 seconds.
[2024-09-17 12:48:29,931] [INFO] starts to send email
[2024-09-17 13:18:29,876] [INFO] Start counting user activity info..
[2024-09-17 13:18:29,876] [INFO] [UserActivityCounter] update 0 items.
[2024-09-17 13:18:29,932] [INFO] starts to send email
[2024-09-17 13:18:30,044] [INFO] Start counting traffic info..
[2024-09-17 13:18:30,044] [INFO] Traffic counter finished, total time: 0.0005002021789550781 seconds.
[2024-09-17 13:18:34,215] [INFO] Start counting file operations..
[2024-09-17 13:18:34,227] [INFO] [FileOpsCounter] Finish counting file operations in 0.011979103088378906 seconds, 0 added, 0 deleted, 0 visited, 0 modified
[2024-09-17 13:18:37,086] [INFO] Start counting total storage..
[2024-09-17 13:18:37,087] [INFO] Start counting monthly traffic info..
[2024-09-17 13:18:37,122] [INFO] [TotalStorageCounter] Finish counting total storage in 0.0345463752746582 seconds.
[2024-09-17 13:18:37,124] [INFO] Monthly traffic counter finished, update 1 user items, 1 org items, total time: 0.03626203536987305 seconds.
[2024-09-17 13:48:29,933] [INFO] starts to send email
[2024-09-17 14:18:29,877] [INFO] Start counting user activity info..
[2024-09-17 14:18:29,878] [INFO] [UserActivityCounter] update 0 items.
[2024-09-17 14:18:29,935] [INFO] starts to send email
[2024-09-17 14:18:30,045] [INFO] Start counting traffic info..
[2024-09-17 14:18:30,046] [INFO] Traffic counter finished, total time: 0.0004820823669433594 seconds.
[2024-09-17 14:18:34,231] [INFO] Start counting file operations..
[2024-09-17 14:18:34,243] [INFO] [FileOpsCounter] Finish counting file operations in 0.011553049087524414 seconds, 0 added, 0 deleted, 0 visited, 0 modified
[2024-09-17 14:18:37,124] [INFO] Start counting total storage..
[2024-09-17 14:18:37,125] [INFO] Start counting monthly traffic info..
[2024-09-17 14:18:37,165] [INFO] [TotalStorageCounter] Finish counting total storage in 0.0392305850982666 seconds.
[2024-09-17 14:18:37,166] [INFO] Monthly traffic counter finished, update 1 user items, 1 org items, total time: 0.0410609245300293 seconds.
[2024-09-17 14:48:29,936] [INFO] starts to send email
[2024-09-17 15:18:29,879] [INFO] Start counting user activity info..
[2024-09-17 15:18:29,880] [INFO] [UserActivityCounter] update 0 items.
[2024-09-17 15:18:29,937] [INFO] starts to send email
[2024-09-17 15:18:30,047] [INFO] Start counting traffic info..
[2024-09-17 15:18:30,047] [INFO] Traffic counter finished, total time: 0.00054931640625 seconds.
[2024-09-17 15:18:34,244] [INFO] Start counting file operations..
[2024-09-17 15:18:34,255] [INFO] [FileOpsCounter] Finish counting file operations in 0.010842084884643555 seconds, 0 added, 0 deleted, 0 visited, 0 modified
[2024-09-17 15:18:37,168] [INFO] Start counting total storage..
[2024-09-17 15:18:37,168] [INFO] Start counting monthly traffic info..
[2024-09-17 15:18:37,213] [INFO] Monthly traffic counter finished, update 1 user items, 1 org items, total time: 0.04421257972717285 seconds.
[2024-09-17 15:18:37,213] [INFO] [TotalStorageCounter] Finish counting total storage in 0.044420719146728516 seconds.
[2024-09-17 15:48:29,939] [INFO] starts to send email
[2024-09-17 16:18:29,882] [INFO] Start counting user activity info..
[2024-09-17 16:18:29,883] [INFO] [UserActivityCounter] update 0 items.
[2024-09-17 16:18:29,940] [INFO] starts to send email
[2024-09-17 16:18:30,049] [INFO] Start counting traffic info..
[2024-09-17 16:18:30,049] [INFO] Traffic counter finished, total time: 0.0005395412445068359 seconds.
[2024-09-17 16:18:34,257] [INFO] Start counting file operations..
[2024-09-17 16:18:34,268] [INFO] [FileOpsCounter] Finish counting file operations in 0.010605096817016602 seconds, 0 added, 0 deleted, 0 visited, 0 modified
[2024-09-17 16:18:37,214] [INFO] Start counting monthly traffic info..
[2024-09-17 16:18:37,216] [INFO] Start counting total storage..
[2024-09-17 16:18:37,255] [INFO] [TotalStorageCounter] Finish counting total storage in 0.03883075714111328 seconds.
[2024-09-17 16:18:37,256] [INFO] Monthly traffic counter finished, update 1 user items, 1 org items, total time: 0.04193902015686035 seconds.
[2024-09-17 16:48:29,941] [INFO] starts to send email
[2024-09-17 17:18:29,885] [INFO] Start counting user activity info..
[2024-09-17 17:18:29,885] [INFO] [UserActivityCounter] update 0 items.
[2024-09-17 17:18:29,942] [INFO] starts to send email
[2024-09-17 17:18:30,050] [INFO] Start counting traffic info..
[2024-09-17 17:18:30,051] [INFO] Traffic counter finished, total time: 0.0005822181701660156 seconds.
[2024-09-17 17:18:34,269] [INFO] Start counting file operations..
[2024-09-17 17:18:34,282] [INFO] [FileOpsCounter] Finish counting file operations in 0.012316465377807617 seconds, 0 added, 0 deleted, 0 visited, 0 modified
[2024-09-17 17:18:37,257] [INFO] Start counting total storage..
[2024-09-17 17:18:37,259] [INFO] Start counting monthly traffic info..
[2024-09-17 17:18:37,293] [INFO] [TotalStorageCounter] Finish counting total storage in 0.035987138748168945 seconds.
[2024-09-17 17:18:37,298] [INFO] Monthly traffic counter finished, update 1 user items, 1 org items, total time: 0.03926897048950195 seconds.
[2024-09-17 17:48:29,944] [INFO] starts to send email
[2024-09-17 18:18:29,886] [INFO] Start counting user activity info..
[2024-09-17 18:18:29,887] [INFO] [UserActivityCounter] update 0 items.
[2024-09-17 18:18:29,944] [INFO] starts to send email
[2024-09-17 18:18:30,052] [INFO] Start counting traffic info..
[2024-09-17 18:18:30,053] [INFO] Traffic counter finished, total time: 0.000896453857421875 seconds.
[2024-09-17 18:18:34,284] [INFO] Start counting file operations..
[2024-09-17 18:18:34,296] [INFO] [FileOpsCounter] Finish counting file operations in 0.012618541717529297 seconds, 0 added, 0 deleted, 0 visited, 0 modified
[2024-09-17 18:18:37,297] [INFO] Start counting total storage..
[2024-09-17 18:18:37,299] [INFO] Start counting monthly traffic info..
[2024-09-17 18:18:37,332] [INFO] Monthly traffic counter finished, update 1 user items, 1 org items, total time: 0.03315877914428711 seconds.
[2024-09-17 18:18:37,336] [INFO] [TotalStorageCounter] Finish counting total storage in 0.03876447677612305 seconds.
[2024-09-17 18:48:29,946] [INFO] starts to send email
[2024-09-17 19:18:29,888] [INFO] Start counting user activity info..
[2024-09-17 19:18:29,888] [INFO] [UserActivityCounter] update 0 items.
[2024-09-17 19:18:29,947] [INFO] starts to send email
[2024-09-17 19:18:30,054] [INFO] Start counting traffic info..
[2024-09-17 19:18:30,054] [INFO] Traffic counter finished, total time: 0.0005743503570556641 seconds.
[2024-09-17 19:18:34,298] [INFO] Start counting file operations..
[2024-09-17 19:18:34,310] [INFO] [FileOpsCounter] Finish counting file operations in 0.012095928192138672 seconds, 0 added, 0 deleted, 0 visited, 0 modified
[2024-09-17 19:18:37,334] [INFO] Start counting monthly traffic info..
[2024-09-17 19:18:37,337] [INFO] Start counting total storage..
[2024-09-17 19:18:37,366] [INFO] [TotalStorageCounter] Finish counting total storage in 0.028348207473754883 seconds.
[2024-09-17 19:18:37,367] [INFO] Monthly traffic counter finished, update 1 user items, 1 org items, total time: 0.03369474411010742 seconds.
[2024-09-17 19:48:29,948] [INFO] starts to send email
[2024-09-17 20:18:29,890] [INFO] Start counting user activity info..
[2024-09-17 20:18:29,890] [INFO] [UserActivityCounter] update 0 items.
[2024-09-17 20:18:29,949] [INFO] starts to send email
[2024-09-17 20:18:30,055] [INFO] Start counting traffic info..
[2024-09-17 20:18:30,056] [INFO] Traffic counter finished, total time: 0.0005273818969726562 seconds.
[2024-09-17 20:18:34,312] [INFO] Start counting file operations..
[2024-09-17 20:18:34,323] [INFO] [FileOpsCounter] Finish counting file operations in 0.010917901992797852 seconds, 0 added, 0 deleted, 0 visited, 0 modified
[2024-09-17 20:18:37,368] [INFO] Start counting total storage..
[2024-09-17 20:18:37,369] [INFO] Start counting monthly traffic info..
[2024-09-17 20:18:37,405] [INFO] [TotalStorageCounter] Finish counting total storage in 0.03653383255004883 seconds.
[2024-09-17 20:18:37,407] [INFO] Monthly traffic counter finished, update 1 user items, 1 org items, total time: 0.0377507209777832 seconds.
[2024-09-17 20:48:29,951] [INFO] starts to send email
[2024-09-17 21:18:29,892] [INFO] Start counting user activity info..
[2024-09-17 21:18:29,892] [INFO] [UserActivityCounter] update 0 items.
[2024-09-17 21:18:29,952] [INFO] starts to send email
[2024-09-17 21:18:30,057] [INFO] Start counting traffic info..
[2024-09-17 21:18:30,057] [INFO] Traffic counter finished, total time: 0.0005540847778320312 seconds.
[2024-09-17 21:18:34,325] [INFO] Start counting file operations..
[2024-09-17 21:18:34,337] [INFO] [FileOpsCounter] Finish counting file operations in 0.01128530502319336 seconds, 0 added, 0 deleted, 0 visited, 0 modified
[2024-09-17 21:18:37,408] [INFO] Start counting total storage..
[2024-09-17 21:18:37,410] [INFO] Start counting monthly traffic info..
[2024-09-17 21:18:37,442] [INFO] [TotalStorageCounter] Finish counting total storage in 0.033776283264160156 seconds.
[2024-09-17 21:18:37,443] [INFO] Monthly traffic counter finished, update 1 user items, 1 org items, total time: 0.03342795372009277 seconds.
[2024-09-17 21:48:29,953] [INFO] starts to send email
[2024-09-17 22:18:29,893] [INFO] Start counting user activity info..
[2024-09-17 22:18:29,894] [INFO] [UserActivityCounter] update 0 items.
[2024-09-17 22:18:29,955] [INFO] starts to send email
[2024-09-17 22:18:30,058] [INFO] Start counting traffic info..
[2024-09-17 22:18:30,059] [INFO] Traffic counter finished, total time: 0.0006911754608154297 seconds.
[2024-09-17 22:18:34,338] [INFO] Start counting file operations..
[2024-09-17 22:18:34,375] [INFO] [FileOpsCounter] Finish counting file operations in 0.03629159927368164 seconds, 0 added, 0 deleted, 0 visited, 0 modified
[2024-09-17 22:18:37,444] [INFO] Start counting total storage..
[2024-09-17 22:18:37,444] [INFO] Start counting monthly traffic info..
[2024-09-17 22:18:37,476] [INFO] [TotalStorageCounter] Finish counting total storage in 0.03154754638671875 seconds.
[2024-09-17 22:18:37,481] [INFO] Monthly traffic counter finished, update 1 user items, 1 org items, total time: 0.03634190559387207 seconds.
[2024-09-17 22:48:29,956] [INFO] starts to send email
[2024-09-17 23:18:29,895] [INFO] Start counting user activity info..
[2024-09-17 23:18:29,896] [INFO] [UserActivityCounter] update 0 items.
[2024-09-17 23:18:29,957] [INFO] starts to send email
[2024-09-17 23:18:30,060] [INFO] Start counting traffic info..
[2024-09-17 23:18:30,061] [INFO] Traffic counter finished, total time: 0.0010576248168945312 seconds.
[2024-09-17 23:18:34,377] [INFO] Start counting file operations..
[2024-09-17 23:18:34,407] [INFO] [FileOpsCounter] Finish counting file operations in 0.029183149337768555 seconds, 0 added, 0 deleted, 0 visited, 0 modified
[2024-09-17 23:18:37,479] [INFO] Start counting total storage..
[2024-09-17 23:18:37,482] [INFO] Start counting monthly traffic info..
[2024-09-17 23:18:37,512] [INFO] Monthly traffic counter finished, update 1 user items, 1 org items, total time: 0.02988409996032715 seconds.
[2024-09-17 23:18:37,512] [INFO] [TotalStorageCounter] Finish counting total storage in 0.03262209892272949 seconds.
[2024-09-17 23:48:29,959] [INFO] starts to send email
[2024-09-18 00:18:29,739] [INFO] Start clean delete_files_count
[2024-09-18 00:18:29,745] [INFO] Finished clean delete_files_count
[2024-09-18 00:18:29,897] [INFO] Start counting user activity info..
[2024-09-18 00:18:29,898] [INFO] [UserActivityCounter] update 0 items.
[2024-09-18 00:18:29,960] [INFO] starts to send email
[2024-09-18 00:18:30,062] [INFO] Start counting traffic info..
[2024-09-18 00:18:30,063] [INFO] Traffic counter finished, total time: 0.0007712841033935547 seconds.
[2024-09-18 00:18:34,413] [INFO] Start counting file operations..
[2024-09-18 00:18:34,425] [INFO] [FileOpsCounter] Finish counting file operations in 0.01143956184387207 seconds, 0 added, 0 deleted, 0 visited, 0 modified
[2024-09-18 00:18:37,515] [INFO] Start counting total storage..
[2024-09-18 00:18:37,516] [INFO] Start counting monthly traffic info..
[2024-09-18 00:18:37,549] [INFO] Monthly traffic counter finished, update 1 user items, 1 org items, total time: 0.03301548957824707 seconds.
[2024-09-18 00:18:37,549] [INFO] [TotalStorageCounter] Finish counting total storage in 0.0335237979888916 seconds.
[2024-09-18 00:48:29,963] [INFO] starts to send email
[2024-09-18 01:18:29,899] [INFO] Start counting user activity info..
[2024-09-18 01:18:29,900] [INFO] [UserActivityCounter] update 0 items.
[2024-09-18 01:18:29,964] [INFO] starts to send email
[2024-09-18 01:18:30,064] [INFO] Start counting traffic info..
[2024-09-18 01:18:30,065] [INFO] Traffic counter finished, total time: 0.0010285377502441406 seconds.
[2024-09-18 01:18:34,427] [INFO] Start counting file operations..
[2024-09-18 01:18:34,439] [INFO] [FileOpsCounter] Finish counting file operations in 0.01171112060546875 seconds, 0 added, 0 deleted, 0 visited, 0 modified
[2024-09-18 01:18:37,552] [INFO] Start counting total storage..
[2024-09-18 01:18:37,554] [INFO] Start counting monthly traffic info..
[2024-09-18 01:18:37,594] [INFO] [TotalStorageCounter] Finish counting total storage in 0.041709184646606445 seconds.
[2024-09-18 01:18:37,598] [INFO] Monthly traffic counter finished, update 1 user items, 1 org items, total time: 0.044232845306396484 seconds.
[2024-09-18 01:48:29,965] [INFO] starts to send email
[2024-09-18 02:18:29,904] [INFO] Start counting user activity info..
[2024-09-18 02:18:29,905] [INFO] [UserActivityCounter] update 0 items.
[2024-09-18 02:18:29,966] [INFO] starts to send email
[2024-09-18 02:18:30,066] [INFO] Start counting traffic info..
[2024-09-18 02:18:30,067] [INFO] Traffic counter finished, total time: 0.0006597042083740234 seconds.
[2024-09-18 02:18:34,441] [INFO] Start counting file operations..
[2024-09-18 02:18:34,452] [INFO] [FileOpsCounter] Finish counting file operations in 0.010678768157958984 seconds, 0 added, 0 deleted, 0 visited, 0 modified
[2024-09-18 02:18:37,596] [INFO] Start counting total storage..
[2024-09-18 02:18:37,599] [INFO] Start counting monthly traffic info..
[2024-09-18 02:18:37,629] [INFO] [TotalStorageCounter] Finish counting total storage in 0.03284120559692383 seconds.
[2024-09-18 02:18:37,631] [INFO] Monthly traffic counter finished, update 1 user items, 1 org items, total time: 0.03199410438537598 seconds.
[2024-09-18 02:48:29,968] [INFO] starts to send email
[2024-09-18 03:18:29,906] [INFO] Start counting user activity info..
[2024-09-18 03:18:29,907] [INFO] [UserActivityCounter] update 0 items.
[2024-09-18 03:18:29,972] [INFO] starts to send email
[2024-09-18 03:18:30,068] [INFO] Start counting traffic info..
[2024-09-18 03:18:30,068] [INFO] Traffic counter finished, total time: 0.00048232078552246094 seconds.
[2024-09-18 03:18:34,455] [INFO] Start counting file operations..
[2024-09-18 03:18:34,466] [INFO] [FileOpsCounter] Finish counting file operations in 0.010722637176513672 seconds, 0 added, 0 deleted, 0 visited, 0 modified
[2024-09-18 03:18:37,632] [INFO] Start counting total storage..
[2024-09-18 03:18:37,633] [INFO] Start counting monthly traffic info..
[2024-09-18 03:18:37,664] [INFO] [TotalStorageCounter] Finish counting total storage in 0.031232595443725586 seconds.
[2024-09-18 03:18:37,665] [INFO] Monthly traffic counter finished, update 1 user items, 1 org items, total time: 0.03214693069458008 seconds.
[2024-09-18 03:48:29,973] [INFO] starts to send email
[2024-09-18 04:18:29,908] [INFO] Start counting user activity info..
[2024-09-18 04:18:29,909] [INFO] [UserActivityCounter] update 0 items.
[2024-09-18 04:18:29,974] [INFO] starts to send email
[2024-09-18 04:18:30,069] [INFO] Start counting traffic info..
[2024-09-18 04:18:30,070] [INFO] Traffic counter finished, total time: 0.0005490779876708984 seconds.
[2024-09-18 04:18:34,468] [INFO] Start counting file operations..
[2024-09-18 04:18:34,479] [INFO] [FileOpsCounter] Finish counting file operations in 0.010931730270385742 seconds, 0 added, 0 deleted, 0 visited, 0 modified
[2024-09-18 04:18:37,666] [INFO] Start counting total storage..
[2024-09-18 04:18:37,668] [INFO] Start counting monthly traffic info..
[2024-09-18 04:18:37,698] [INFO] [TotalStorageCounter] Finish counting total storage in 0.03124380111694336 seconds.
[2024-09-18 04:18:37,699] [INFO] Monthly traffic counter finished, update 1 user items, 1 org items, total time: 0.030987024307250977 seconds.
[2024-09-18 04:48:29,977] [INFO] starts to send email
[2024-09-18 05:18:29,910] [INFO] Start counting user activity info..
[2024-09-18 05:18:29,911] [INFO] [UserActivityCounter] update 0 items.
[2024-09-18 05:18:29,979] [INFO] starts to send email
[2024-09-18 05:18:30,071] [INFO] Start counting traffic info..
[2024-09-18 05:18:30,072] [INFO] Traffic counter finished, total time: 0.0005633831024169922 seconds.
[2024-09-18 05:18:34,481] [INFO] Start counting file operations..
[2024-09-18 05:18:34,500] [INFO] [FileOpsCounter] Finish counting file operations in 0.019125938415527344 seconds, 0 added, 0 deleted, 0 visited, 0 modified
[2024-09-18 05:18:37,701] [INFO] Start counting total storage..
[2024-09-18 05:18:37,703] [INFO] Start counting monthly traffic info..
[2024-09-18 05:18:37,733] [INFO] [TotalStorageCounter] Finish counting total storage in 0.03202486038208008 seconds.
[2024-09-18 05:18:37,734] [INFO] Monthly traffic counter finished, update 1 user items, 1 org items, total time: 0.031297922134399414 seconds.
[2024-09-18 05:48:29,980] [INFO] starts to send email
[2024-09-18 06:18:29,912] [INFO] Start counting user activity info..
[2024-09-18 06:18:29,912] [INFO] [UserActivityCounter] update 0 items.
[2024-09-18 06:18:29,983] [INFO] starts to send email
[2024-09-18 06:18:30,073] [INFO] Start counting traffic info..
[2024-09-18 06:18:30,073] [INFO] Traffic counter finished, total time: 0.0004906654357910156 seconds.
[2024-09-18 06:18:34,502] [INFO] Start counting file operations..
[2024-09-18 06:18:34,517] [INFO] [FileOpsCounter] Finish counting file operations in 0.01493215560913086 seconds, 0 added, 0 deleted, 0 visited, 0 modified
[2024-09-18 06:18:37,736] [INFO] Start counting total storage..
[2024-09-18 06:18:37,738] [INFO] Start counting monthly traffic info..
[2024-09-18 06:18:37,770] [INFO] Monthly traffic counter finished, update 1 user items, 1 org items, total time: 0.03162670135498047 seconds.
[2024-09-18 06:18:37,770] [INFO] [TotalStorageCounter] Finish counting total storage in 0.03425025939941406 seconds.
[2024-09-18 06:48:29,984] [INFO] starts to send email
[2024-09-18 07:18:29,913] [INFO] Start counting user activity info..
[2024-09-18 07:18:29,914] [INFO] [UserActivityCounter] update 0 items.
[2024-09-18 07:18:29,991] [INFO] starts to send email
[2024-09-18 07:18:30,075] [INFO] Start counting traffic info..
[2024-09-18 07:18:30,076] [INFO] Traffic counter finished, total time: 0.0004923343658447266 seconds.
[2024-09-18 07:18:34,519] [INFO] Start counting file operations..
[2024-09-18 07:18:34,530] [INFO] [FileOpsCounter] Finish counting file operations in 0.010982990264892578 seconds, 0 added, 0 deleted, 0 visited, 0 modified
[2024-09-18 07:18:37,772] [INFO] Start counting total storage..
[2024-09-18 07:18:37,775] [INFO] Start counting monthly traffic info..
[2024-09-18 07:18:37,807] [INFO] [TotalStorageCounter] Finish counting total storage in 0.034690141677856445 seconds.
[2024-09-18 07:18:37,809] [INFO] Monthly traffic counter finished, update 1 user items, 1 org items, total time: 0.034070491790771484 seconds.
[2024-09-18 07:48:29,992] [INFO] starts to send email
[2024-09-18 08:18:29,915] [INFO] Start counting user activity info..
[2024-09-18 08:18:29,916] [INFO] [UserActivityCounter] update 0 items.
[2024-09-18 08:18:29,993] [INFO] starts to send email
[2024-09-18 08:18:30,077] [INFO] Start counting traffic info..
[2024-09-18 08:18:30,078] [INFO] Traffic counter finished, total time: 0.0009698867797851562 seconds.
[2024-09-18 08:18:34,532] [INFO] Start counting file operations..
[2024-09-18 08:18:34,544] [INFO] [FileOpsCounter] Finish counting file operations in 0.011608123779296875 seconds, 0 added, 0 deleted, 0 visited, 0 modified
[2024-09-18 08:18:37,809] [INFO] Start counting total storage..
[2024-09-18 08:18:37,810] [INFO] Start counting monthly traffic info..
[2024-09-18 08:18:37,846] [INFO] [TotalStorageCounter] Finish counting total storage in 0.03558039665222168 seconds.
[2024-09-18 08:18:37,853] [INFO] Monthly traffic counter finished, update 1 user items, 1 org items, total time: 0.04259061813354492 seconds.
[2024-09-18 08:48:29,994] [INFO] starts to send email
[2024-09-18 09:18:29,917] [INFO] Start counting user activity info..
[2024-09-18 09:18:29,918] [INFO] [UserActivityCounter] update 0 items.
[2024-09-18 09:18:29,996] [INFO] starts to send email
[2024-09-18 09:18:30,079] [INFO] Start counting traffic info..
[2024-09-18 09:18:30,079] [INFO] Traffic counter finished, total time: 0.0004889965057373047 seconds.
[2024-09-18 09:18:34,546] [INFO] Start counting file operations..
[2024-09-18 09:18:34,557] [INFO] [FileOpsCounter] Finish counting file operations in 0.01108098030090332 seconds, 0 added, 0 deleted, 0 visited, 0 modified
[2024-09-18 09:18:37,848] [INFO] Start counting total storage..
[2024-09-18 09:18:37,854] [INFO] Start counting monthly traffic info..
[2024-09-18 09:18:37,881] [INFO] [TotalStorageCounter] Finish counting total storage in 0.03281402587890625 seconds.
[2024-09-18 09:18:37,882] [INFO] Monthly traffic counter finished, update 1 user items, 1 org items, total time: 0.028319120407104492 seconds.
[2024-09-18 09:48:29,997] [INFO] starts to send email
[2024-09-18 10:18:29,919] [INFO] Start counting user activity info..
[2024-09-18 10:18:29,920] [INFO] [UserActivityCounter] update 0 items.
[2024-09-18 10:18:29,998] [INFO] starts to send email
[2024-09-18 10:18:30,080] [INFO] Start counting traffic info..
[2024-09-18 10:18:30,081] [INFO] Traffic counter finished, total time: 0.0005748271942138672 seconds.
[2024-09-18 10:18:34,559] [INFO] Start counting file operations..
[2024-09-18 10:18:34,571] [INFO] [FileOpsCounter] Finish counting file operations in 0.011279582977294922 seconds, 0 added, 0 deleted, 0 visited, 0 modified
[2024-09-18 10:18:37,883] [INFO] Start counting total storage..
[2024-09-18 10:18:37,883] [INFO] Start counting monthly traffic info..
[2024-09-18 10:18:37,915] [INFO] [TotalStorageCounter] Finish counting total storage in 0.03184795379638672 seconds.
[2024-09-18 10:18:37,916] [INFO] Monthly traffic counter finished, update 1 user items, 1 org items, total time: 0.03310847282409668 seconds.
[2024-09-18 10:48:30,000] [INFO] starts to send email
[2024-09-18 11:18:29,921] [INFO] Start counting user activity info..
[2024-09-18 11:18:29,922] [INFO] [UserActivityCounter] update 0 items.
[2024-09-18 11:18:30,001] [INFO] starts to send email
[2024-09-18 11:18:30,082] [INFO] Start counting traffic info..
[2024-09-18 11:18:30,082] [INFO] Traffic counter finished, total time: 0.0005035400390625 seconds.
[2024-09-18 11:18:34,572] [INFO] Start counting file operations..
[2024-09-18 11:18:34,589] [INFO] [FileOpsCounter] Finish counting file operations in 0.016367673873901367 seconds, 0 added, 0 deleted, 0 visited, 0 modified
[2024-09-18 11:18:37,918] [INFO] Start counting total storage..
[2024-09-18 11:18:37,919] [INFO] Start counting monthly traffic info..
[2024-09-18 11:18:37,954] [INFO] [TotalStorageCounter] Finish counting total storage in 0.03464841842651367 seconds.
[2024-09-18 11:18:37,960] [INFO] Monthly traffic counter finished, update 1 user items, 1 org items, total time: 0.041246652603149414 seconds.
[2024-09-18 11:48:30,002] [INFO] starts to send email
[2024-09-18 12:18:29,927] [INFO] Start counting user activity info..
[2024-09-18 12:18:29,928] [INFO] [UserActivityCounter] update 0 items.
[2024-09-18 12:18:30,004] [INFO] starts to send email
[2024-09-18 12:18:30,083] [INFO] Start counting traffic info..
[2024-09-18 12:18:30,084] [INFO] Traffic counter finished, total time: 0.0005259513854980469 seconds.
[2024-09-18 12:18:34,592] [INFO] Start counting file operations..
[2024-09-18 12:18:34,606] [INFO] [FileOpsCounter] Finish counting file operations in 0.013795852661132812 seconds, 0 added, 0 deleted, 0 visited, 0 modified
[2024-09-18 12:18:37,956] [INFO] Start counting total storage..
[2024-09-18 12:18:37,961] [INFO] Start counting monthly traffic info..
[2024-09-18 12:18:37,990] [INFO] [TotalStorageCounter] Finish counting total storage in 0.03389310836791992 seconds.
[2024-09-18 12:18:37,992] [INFO] Monthly traffic counter finished, update 1 user items, 1 org items, total time: 0.03062725067138672 seconds.
[2024-09-18 12:48:30,005] [INFO] starts to send email
[2024-09-18 13:18:29,929] [INFO] Start counting user activity info..
[2024-09-18 13:18:29,930] [INFO] [UserActivityCounter] update 0 items.
[2024-09-18 13:18:30,006] [INFO] starts to send email
[2024-09-18 13:18:30,085] [INFO] Start counting traffic info..
[2024-09-18 13:18:30,085] [INFO] Traffic counter finished, total time: 0.0005638599395751953 seconds.
[2024-09-18 13:18:34,608] [INFO] Start counting file operations..
[2024-09-18 13:18:34,621] [INFO] [FileOpsCounter] Finish counting file operations in 0.012603044509887695 seconds, 0 added, 0 deleted, 0 visited, 0 modified
[2024-09-18 13:18:37,994] [INFO] Start counting total storage..
[2024-09-18 13:18:37,997] [INFO] Start counting monthly traffic info..
[2024-09-18 13:18:38,031] [INFO] [TotalStorageCounter] Finish counting total storage in 0.037551164627075195 seconds.
[2024-09-18 13:18:38,033] [INFO] Monthly traffic counter finished, update 1 user items, 1 org items, total time: 0.03611493110656738 seconds.
[2024-09-18 13:48:30,007] [INFO] starts to send email
[2024-09-18 14:18:29,931] [INFO] Start counting user activity info..
[2024-09-18 14:18:29,931] [INFO] [UserActivityCounter] update 0 items.
[2024-09-18 14:18:30,009] [INFO] starts to send email
[2024-09-18 14:18:30,086] [INFO] Start counting traffic info..
[2024-09-18 14:18:30,087] [INFO] Traffic counter finished, total time: 0.0005295276641845703 seconds.
[2024-09-18 14:18:34,623] [INFO] Start counting file operations..
[2024-09-18 14:18:34,634] [INFO] [FileOpsCounter] Finish counting file operations in 0.011134624481201172 seconds, 0 added, 0 deleted, 0 visited, 0 modified
[2024-09-18 14:18:38,034] [INFO] Start counting total storage..
[2024-09-18 14:18:38,034] [INFO] Start counting monthly traffic info..
[2024-09-18 14:18:38,072] [INFO] [TotalStorageCounter] Finish counting total storage in 0.037528038024902344 seconds.
[2024-09-18 14:18:38,073] [INFO] Monthly traffic counter finished, update 1 user items, 1 org items, total time: 0.03845047950744629 seconds.
[2024-09-18 14:48:30,010] [INFO] starts to send email
[2024-09-18 15:18:29,932] [INFO] Start counting user activity info..
[2024-09-18 15:18:29,933] [INFO] [UserActivityCounter] update 0 items.
[2024-09-18 15:18:30,011] [INFO] starts to send email
[2024-09-18 15:18:30,087] [INFO] Start counting traffic info..
[2024-09-18 15:18:30,088] [INFO] Traffic counter finished, total time: 0.0004987716674804688 seconds.
[2024-09-18 15:18:34,636] [INFO] Start counting file operations..
[2024-09-18 15:18:34,660] [INFO] [FileOpsCounter] Finish counting file operations in 0.024613380432128906 seconds, 0 added, 0 deleted, 0 visited, 0 modified
[2024-09-18 15:18:38,074] [INFO] Start counting total storage..
[2024-09-18 15:18:38,076] [INFO] Start counting monthly traffic info..
[2024-09-18 15:18:38,105] [INFO] [TotalStorageCounter] Finish counting total storage in 0.030722618103027344 seconds.
[2024-09-18 15:18:38,107] [INFO] Monthly traffic counter finished, update 1 user items, 1 org items, total time: 0.030667543411254883 seconds.
[2024-09-18 15:48:30,012] [INFO] starts to send email
[2024-09-18 16:18:29,934] [INFO] Start counting user activity info..
[2024-09-18 16:18:29,935] [INFO] [UserActivityCounter] update 0 items.
[2024-09-18 16:18:30,014] [INFO] starts to send email
[2024-09-18 16:18:30,089] [INFO] Start counting traffic info..
[2024-09-18 16:18:30,090] [INFO] Traffic counter finished, total time: 0.0009114742279052734 seconds.
[2024-09-18 16:18:34,662] [INFO] Start counting file operations..
[2024-09-18 16:18:34,673] [INFO] [FileOpsCounter] Finish counting file operations in 0.010276317596435547 seconds, 0 added, 0 deleted, 0 visited, 0 modified
[2024-09-18 16:18:38,108] [INFO] Start counting monthly traffic info..
[2024-09-18 16:18:38,111] [INFO] Start counting total storage..
[2024-09-18 16:18:38,142] [INFO] [TotalStorageCounter] Finish counting total storage in 0.031388044357299805 seconds.
[2024-09-18 16:18:38,144] [INFO] Monthly traffic counter finished, update 1 user items, 1 org items, total time: 0.0357208251953125 seconds.
[2024-09-18 16:48:30,015] [INFO] starts to send email
[2024-09-18 17:18:29,936] [INFO] Start counting user activity info..
[2024-09-18 17:18:29,937] [INFO] [UserActivityCounter] update 0 items.
[2024-09-18 17:18:30,016] [INFO] starts to send email
[2024-09-18 17:18:30,094] [INFO] Start counting traffic info..
[2024-09-18 17:18:30,094] [INFO] Traffic counter finished, total time: 0.0005252361297607422 seconds.
[2024-09-18 17:18:34,674] [INFO] Start counting file operations..
[2024-09-18 17:18:34,686] [INFO] [FileOpsCounter] Finish counting file operations in 0.01146245002746582 seconds, 0 added, 0 deleted, 0 visited, 0 modified
[2024-09-18 17:18:38,144] [INFO] Start counting total storage..
[2024-09-18 17:18:38,145] [INFO] Start counting monthly traffic info..
[2024-09-18 17:18:38,178] [INFO] [TotalStorageCounter] Finish counting total storage in 0.033142805099487305 seconds.
[2024-09-18 17:18:38,180] [INFO] Monthly traffic counter finished, update 1 user items, 1 org items, total time: 0.034902334213256836 seconds.
[2024-09-18 17:48:30,017] [INFO] starts to send email
[2024-09-18 18:18:29,938] [INFO] Start counting user activity info..
[2024-09-18 18:18:29,939] [INFO] [UserActivityCounter] update 0 items.
[2024-09-18 18:18:30,018] [INFO] starts to send email
[2024-09-18 18:18:30,095] [INFO] Start counting traffic info..
[2024-09-18 18:18:30,096] [INFO] Traffic counter finished, total time: 0.0005753040313720703 seconds.
[2024-09-18 18:18:34,688] [INFO] Start counting file operations..
[2024-09-18 18:18:34,701] [INFO] [FileOpsCounter] Finish counting file operations in 0.013087272644042969 seconds, 0 added, 0 deleted, 0 visited, 0 modified
[2024-09-18 18:18:38,180] [INFO] Start counting total storage..
[2024-09-18 18:18:38,181] [INFO] Start counting monthly traffic info..
[2024-09-18 18:18:38,217] [INFO] [TotalStorageCounter] Finish counting total storage in 0.03564596176147461 seconds.
[2024-09-18 18:18:38,223] [INFO] Monthly traffic counter finished, update 1 user items, 1 org items, total time: 0.0416569709777832 seconds.
[2024-09-18 18:48:30,019] [INFO] starts to send email
[2024-09-18 19:18:29,940] [INFO] Start counting user activity info..
[2024-09-18 19:18:29,940] [INFO] [UserActivityCounter] update 0 items.
[2024-09-18 19:18:30,020] [INFO] starts to send email
[2024-09-18 19:18:30,097] [INFO] Start counting traffic info..
[2024-09-18 19:18:30,097] [INFO] Traffic counter finished, total time: 0.0004968643188476562 seconds.
[2024-09-18 19:18:34,703] [INFO] Start counting file operations..
[2024-09-18 19:18:34,777] [INFO] [FileOpsCounter] Finish counting file operations in 0.07425904273986816 seconds, 0 added, 0 deleted, 0 visited, 0 modified
[2024-09-18 19:18:38,219] [INFO] Start counting total storage..
[2024-09-18 19:18:38,224] [INFO] Start counting monthly traffic info..
[2024-09-18 19:18:38,253] [INFO] [TotalStorageCounter] Finish counting total storage in 0.0336756706237793 seconds.
[2024-09-18 19:18:38,254] [INFO] Monthly traffic counter finished, update 1 user items, 1 org items, total time: 0.03041529655456543 seconds.
[2024-09-18 19:48:30,022] [INFO] starts to send email
[2024-09-18 20:18:29,941] [INFO] Start counting user activity info..
[2024-09-18 20:18:29,942] [INFO] [UserActivityCounter] update 0 items.
[2024-09-18 20:18:30,023] [INFO] starts to send email
[2024-09-18 20:18:30,098] [INFO] Start counting traffic info..
[2024-09-18 20:18:30,099] [INFO] Traffic counter finished, total time: 0.000568389892578125 seconds.
[2024-09-18 20:18:34,779] [INFO] Start counting file operations..
[2024-09-18 20:18:34,790] [INFO] [FileOpsCounter] Finish counting file operations in 0.010663032531738281 seconds, 0 added, 0 deleted, 0 visited, 0 modified
[2024-09-18 20:18:38,255] [INFO] Start counting total storage..
[2024-09-18 20:18:38,256] [INFO] Start counting monthly traffic info..
[2024-09-18 20:18:38,288] [INFO] [TotalStorageCounter] Finish counting total storage in 0.032174110412597656 seconds.
[2024-09-18 20:18:38,289] [INFO] Monthly traffic counter finished, update 1 user items, 1 org items, total time: 0.033220767974853516 seconds.
[2024-09-18 20:48:30,024] [INFO] starts to send email
[2024-09-18 21:18:29,943] [INFO] Start counting user activity info..
[2024-09-18 21:18:29,944] [INFO] [UserActivityCounter] update 0 items.
[2024-09-18 21:18:30,026] [INFO] starts to send email
[2024-09-18 21:18:30,100] [INFO] Start counting traffic info..
[2024-09-18 21:18:30,101] [INFO] Traffic counter finished, total time: 0.0009968280792236328 seconds.
[2024-09-18 21:18:34,792] [INFO] Start counting file operations..
[2024-09-18 21:18:34,803] [INFO] [FileOpsCounter] Finish counting file operations in 0.011126041412353516 seconds, 0 added, 0 deleted, 0 visited, 0 modified
[2024-09-18 21:18:38,290] [INFO] Start counting total storage..
[2024-09-18 21:18:38,292] [INFO] Start counting monthly traffic info..
[2024-09-18 21:18:38,327] [INFO] [TotalStorageCounter] Finish counting total storage in 0.03621172904968262 seconds.
[2024-09-18 21:18:38,331] [INFO] Monthly traffic counter finished, update 1 user items, 1 org items, total time: 0.0390167236328125 seconds.
[2024-09-18 21:48:30,027] [INFO] starts to send email
[2024-09-18 22:01:50,351] [WARNING] Unknown database backend: 
[2024-09-18 22:01:50,352] [INFO] LDAP is not set, stop ldap test.
[2024-09-18 22:01:50,353] [INFO] [virus_scan] scan_command option is not found in seafile.conf, disable virus scan.
[2024-09-18 22:01:50,353] [INFO] Subscribe to channels: {'seahub.stats', 'seaf_server.stats', 'seaf_server.event'}
[2024-09-18 22:01:50,368] [INFO] Start counting user activity info..
[2024-09-18 22:01:50,369] [INFO] [UserActivityCounter] update 0 items.
[2024-09-18 22:01:50,369] [INFO] Start counting traffic info..
[2024-09-18 22:01:50,369] [INFO] Start file updates sender, interval = 300 sec
[2024-09-18 22:01:50,370] [INFO] Traffic counter finished, total time: 0.0006184577941894531 seconds.
[2024-09-18 22:01:50,374] [WARNING] Can not start work weixin notice sender: it is not enabled!
[2024-09-18 22:01:50,374] [WARNING] Can not start index updater: it is not enabled!
[2024-09-18 22:01:50,374] [INFO] seahub email sender is started, interval = 1800 sec
[2024-09-18 22:01:50,374] [WARNING] Can not start ldap syncer: it is not enabled!
[2024-09-18 22:01:50,375] [WARNING] Can not start virus scanner: it is not enabled!
[2024-09-18 22:01:50,378] [INFO] Start data statistics..
[2024-09-18 22:01:50,379] [WARNING] Can not start content scanner: it is not enabled!
[2024-09-18 22:01:50,379] [WARNING] Can not scan repo old files auto del days: it is not enabled!
[2024-09-18 22:01:50,381] [INFO] Start counting total storage..
[2024-09-18 22:01:50,387] [INFO] Start counting file operations..
[2024-09-18 22:01:50,397] [INFO] Start counting monthly traffic info..
[2024-09-18 22:01:50,513] [INFO] [TotalStorageCounter] Finish counting total storage in 0.13074994087219238 seconds.
[2024-09-18 22:01:50,525] [INFO] [FileOpsCounter] Finish counting file operations in 0.13567137718200684 seconds, 0 added, 0 deleted, 0 visited, 0 modified
[2024-09-18 22:01:50,534] [INFO] Monthly traffic counter finished, update 1 user items, 1 org items, total time: 0.13669562339782715 seconds.
